This file contains any messages produced by compilers while
running configure, to aid debugging if configure makes a mistake.

It was created by yocto configure 1.0.1, which was
generated by GNU Autoconf 2.69.  Invocation command line was

  $ ./configure 

## --------- ##
## Platform. ##
## --------- ##

hostname = aballier-desktop
uname -m = x86_64
uname -r = 3.14.14-gentoo
uname -s = Linux
uname -v = #1 SMP Tue Sep 2 14:20:24 CEST 2014

/usr/bin/uname -p = Intel(R) Core(TM) i7-4820K CPU @ 3.70GHz
/bin/uname -X     = unknown

/bin/arch              = unknown
/usr/bin/arch -k       = unknown
/usr/convex/getsysinfo = unknown
/usr/bin/hostinfo      = unknown
/bin/machine           = unknown
/usr/bin/oslevel       = unknown
/bin/universe          = unknown

PATH: /opt/ros/indigo/bin
PATH: /usr/local/bin
PATH: /usr/bin
PATH: /bin
PATH: /opt/bin
PATH: /usr/x86_64-pc-linux-gnu/gcc-bin/4.7.3
PATH: /usr/x86_64-pc-linux-gnu/armv6j-hardfloat-linux-gnueabi/gcc-bin/4.8.3
PATH: /usr/x86_64-pc-linux-gnu/armv7a-hardfloat-linux-gnueabi/gcc-bin/4.8.3
PATH: /usr/x86_64-pc-linux-gnu/avr/gcc-bin/4.8.3
PATH: /opt/android-sdk-update-manager/tools
PATH: /opt/android-sdk-update-manager/platform-tools
PATH: /home/aurelien/dev/node_modules/cordova/bin
PATH: /home/aurelien/dev/WebStorm-135.621/bin
PATH: /home/aurelien/dev/dart
PATH: /opt/ros/indigo/bin/
PATH: /home/aurelien/x-tools/arm-unknown-linux-gnueabi/bin/
PATH: /home/aurelien/dev/dart/dart-sdk/bin/


## ----------- ##
## Core tests. ##
## ----------- ##

configure:2294: checking for a BSD-compatible install
configure:2362: result: /usr/bin/install -c
configure:2373: checking whether build environment is sane
configure:2428: result: yes
configure:2579: checking for a thread-safe mkdir -p
configure:2618: result: /bin/mkdir -p
configure:2625: checking for gawk
configure:2641: found /usr/bin/gawk
configure:2652: result: gawk
configure:2663: checking whether make sets $(MAKE)
configure:2685: result: yes
configure:2714: checking whether make supports nested variables
configure:2731: result: yes
configure:2877: checking for g++
configure:2893: found /usr/bin/g++
configure:2904: result: g++
configure:2931: checking for C++ compiler version
configure:2940: g++ --version >&5
g++ (Gentoo 4.7.3-r1 p1.4, pie-0.5.5) 4.7.3
Copyright (C) 2012 Free Software Foundation, Inc.
This is free software; see the source for copying conditions.  There is NO
warranty; not even for MERCHANTABILITY or FITNESS FOR A PARTICULAR PURPOSE.

configure:2951: $? = 0
configure:2940: g++ -v >&5
Using built-in specs.
COLLECT_GCC=/usr/x86_64-pc-linux-gnu/gcc-bin/4.7.3/g++
COLLECT_LTO_WRAPPER=/usr/libexec/gcc/x86_64-pc-linux-gnu/4.7.3/lto-wrapper
Target: x86_64-pc-linux-gnu
Configured with: /var/tmp/portage/sys-devel/gcc-4.7.3-r1/work/gcc-4.7.3/configure --host=x86_64-pc-linux-gnu --build=x86_64-pc-linux-gnu --prefix=/usr --bindir=/usr/x86_64-pc-linux-gnu/gcc-bin/4.7.3 --includedir=/usr/lib/gcc/x86_64-pc-linux-gnu/4.7.3/include --datadir=/usr/share/gcc-data/x86_64-pc-linux-gnu/4.7.3 --mandir=/usr/share/gcc-data/x86_64-pc-linux-gnu/4.7.3/man --infodir=/usr/share/gcc-data/x86_64-pc-linux-gnu/4.7.3/info --with-gxx-include-dir=/usr/lib/gcc/x86_64-pc-linux-gnu/4.7.3/include/g++-v4 --with-python-dir=/share/gcc-data/x86_64-pc-linux-gnu/4.7.3/python --enable-languages=c,c++,java,fortran --enable-obsolete --enable-secureplt --disable-werror --with-system-zlib --enable-nls --without-included-gettext --enable-checking=release --with-bugurl=https://bugs.gentoo.org/ --with-pkgversion='Gentoo 4.7.3-r1 p1.4, pie-0.5.5' --enable-libstdcxx-time --enable-shared --enable-threads=posix --enable-__cxa_atexit --enable-clocale=gnu --enable-multilib --with-multilib-list=m32,m64 --disable-altivec --disable-fixed-point --enable-targets=all --enable-libgomp --disable-libmudflap --disable-libssp --enable-lto --without-cloog --without-ppl
Thread model: posix
gcc version 4.7.3 (Gentoo 4.7.3-r1 p1.4, pie-0.5.5) 
configure:2951: $? = 0
configure:2940: g++ -V >&5
g++: error: unrecognized command line option '-V'
g++: fatal error: no input files
compilation terminated.
configure:2951: $? = 1
configure:2940: g++ -qversion >&5
g++: error: unrecognized command line option '-qversion'
g++: fatal error: no input files
compilation terminated.
configure:2951: $? = 1
configure:2971: checking whether the C++ compiler works
configure:2993: g++    conftest.cpp  >&5
configure:2997: $? = 0
configure:3045: result: yes
configure:3048: checking for C++ compiler default output file name
configure:3050: result: a.out
configure:3056: checking for suffix of executables
configure:3063: g++ -o conftest    conftest.cpp  >&5
configure:3067: $? = 0
configure:3089: result: 
configure:3111: checking whether we are cross compiling
configure:3119: g++ -o conftest    conftest.cpp  >&5
configure:3123: $? = 0
configure:3130: ./conftest
configure:3134: $? = 0
configure:3149: result: no
configure:3154: checking for suffix of object files
configure:3176: g++ -c   conftest.cpp >&5
configure:3180: $? = 0
configure:3201: result: o
configure:3205: checking whether we are using the GNU C++ compiler
configure:3224: g++ -c   conftest.cpp >&5
configure:3224: $? = 0
configure:3233: result: yes
configure:3242: checking whether g++ accepts -g
configure:3262: g++ -c -g  conftest.cpp >&5
configure:3262: $? = 0
configure:3303: result: yes
configure:3337: checking for style of include used by make
configure:3365: result: GNU
configure:3391: checking dependency style of g++
configure:3502: result: gcc3
configure:3560: checking for ranlib
configure:3576: found /usr/bin/ranlib
configure:3587: result: ranlib
configure:3641: checking build system type
configure:3655: result: x86_64-unknown-linux-gnu
configure:3675: checking host system type
configure:3688: result: x86_64-unknown-linux-gnu
configure:3729: checking how to print strings
configure:3756: result: printf
configure:3825: checking for gcc
configure:3841: found /usr/bin/gcc
configure:3852: result: gcc
configure:4081: checking for C compiler version
configure:4090: gcc --version >&5
gcc (Gentoo 4.7.3-r1 p1.4, pie-0.5.5) 4.7.3
Copyright (C) 2012 Free Software Foundation, Inc.
This is free software; see the source for copying conditions.  There is NO
warranty; not even for MERCHANTABILITY or FITNESS FOR A PARTICULAR PURPOSE.

configure:4101: $? = 0
configure:4090: gcc -v >&5
Using built-in specs.
COLLECT_GCC=/usr/x86_64-pc-linux-gnu/gcc-bin/4.7.3/gcc
COLLECT_LTO_WRAPPER=/usr/libexec/gcc/x86_64-pc-linux-gnu/4.7.3/lto-wrapper
Target: x86_64-pc-linux-gnu
Configured with: /var/tmp/portage/sys-devel/gcc-4.7.3-r1/work/gcc-4.7.3/configure --host=x86_64-pc-linux-gnu --build=x86_64-pc-linux-gnu --prefix=/usr --bindir=/usr/x86_64-pc-linux-gnu/gcc-bin/4.7.3 --includedir=/usr/lib/gcc/x86_64-pc-linux-gnu/4.7.3/include --datadir=/usr/share/gcc-data/x86_64-pc-linux-gnu/4.7.3 --mandir=/usr/share/gcc-data/x86_64-pc-linux-gnu/4.7.3/man --infodir=/usr/share/gcc-data/x86_64-pc-linux-gnu/4.7.3/info --with-gxx-include-dir=/usr/lib/gcc/x86_64-pc-linux-gnu/4.7.3/include/g++-v4 --with-python-dir=/share/gcc-data/x86_64-pc-linux-gnu/4.7.3/python --enable-languages=c,c++,java,fortran --enable-obsolete --enable-secureplt --disable-werror --with-system-zlib --enable-nls --without-included-gettext --enable-checking=release --with-bugurl=https://bugs.gentoo.org/ --with-pkgversion='Gentoo 4.7.3-r1 p1.4, pie-0.5.5' --enable-libstdcxx-time --enable-shared --enable-threads=posix --enable-__cxa_atexit --enable-clocale=gnu --enable-multilib --with-multilib-list=m32,m64 --disable-altivec --disable-fixed-point --enable-targets=all --enable-libgomp --disable-libmudflap --disable-libssp --enable-lto --without-cloog --without-ppl
Thread model: posix
gcc version 4.7.3 (Gentoo 4.7.3-r1 p1.4, pie-0.5.5) 
configure:4101: $? = 0
configure:4090: gcc -V >&5
gcc: error: unrecognized command line option '-V'
gcc: fatal error: no input files
compilation terminated.
configure:4101: $? = 1
configure:4090: gcc -qversion >&5
gcc: error: unrecognized command line option '-qversion'
gcc: fatal error: no input files
compilation terminated.
configure:4101: $? = 1
configure:4105: checking whether we are using the GNU C compiler
configure:4124: gcc -c   conftest.c >&5
configure:4124: $? = 0
configure:4133: result: yes
configure:4142: checking whether gcc accepts -g
configure:4162: gcc -c -g  conftest.c >&5
configure:4162: $? = 0
configure:4203: result: yes
configure:4220: checking for gcc option to accept ISO C89
configure:4283: gcc  -c -g -O2  conftest.c >&5
configure:4283: $? = 0
configure:4296: result: none needed
configure:4318: checking dependency style of gcc
configure:4429: result: gcc3
configure:4444: checking for a sed that does not truncate output
configure:4508: result: /bin/sed
configure:4526: checking for grep that handles long lines and -e
configure:4584: result: /bin/grep
configure:4589: checking for egrep
configure:4651: result: /bin/grep -E
configure:4656: checking for fgrep
configure:4718: result: /bin/grep -F
configure:4753: checking for ld used by gcc
configure:4820: result: /usr/x86_64-pc-linux-gnu/bin/ld
configure:4827: checking if the linker (/usr/x86_64-pc-linux-gnu/bin/ld) is GNU ld
configure:4842: result: yes
configure:4854: checking for BSD- or MS-compatible name lister (nm)
configure:4903: result: /usr/bin/nm -B
configure:5033: checking the name lister (/usr/bin/nm -B) interface
configure:5040: gcc -c -g -O2  conftest.c >&5
configure:5043: /usr/bin/nm -B "conftest.o"
configure:5046: output
0000000000000000 B some_variable
configure:5053: result: BSD nm
configure:5056: checking whether ln -s works
configure:5060: result: yes
configure:5068: checking the maximum length of command line arguments
configure:5198: result: 1572864
configure:5215: checking whether the shell understands some XSI constructs
configure:5225: result: yes
configure:5229: checking whether the shell understands "+="
configure:5235: result: yes
configure:5270: checking how to convert x86_64-unknown-linux-gnu file names to x86_64-unknown-linux-gnu format
configure:5310: result: func_convert_file_noop
configure:5317: checking how to convert x86_64-unknown-linux-gnu file names to toolchain format
configure:5337: result: func_convert_file_noop
configure:5344: checking for /usr/x86_64-pc-linux-gnu/bin/ld option to reload object files
configure:5351: result: -r
configure:5425: checking for objdump
configure:5441: found /usr/bin/objdump
configure:5452: result: objdump
configure:5484: checking how to recognize dependent libraries
configure:5686: result: pass_all
configure:5771: checking for dlltool
configure:5801: result: no
configure:5831: checking how to associate runtime and link libraries
configure:5858: result: printf %s\n
configure:5919: checking for ar
configure:5935: found /usr/bin/ar
configure:5946: result: ar
configure:5983: checking for archiver @FILE support
configure:6000: gcc -c -g -O2  conftest.c >&5
configure:6000: $? = 0
configure:6003: ar cru libconftest.a @conftest.lst >&5
configure:6006: $? = 0
configure:6011: ar cru libconftest.a @conftest.lst >&5
ar: conftest.o: No such file or directory
configure:6014: $? = 1
configure:6026: result: @
configure:6084: checking for strip
configure:6100: found /usr/bin/strip
configure:6111: result: strip
configure:6183: checking for ranlib
configure:6210: result: ranlib
configure:6312: checking command to parse /usr/bin/nm -B output from gcc object
configure:6432: gcc -c -g -O2  conftest.c >&5
configure:6435: $? = 0
configure:6439: /usr/bin/nm -B conftest.o \| sed -n -e 's/^.*[ ]\([ABCDGIRSTW][ABCDGIRSTW]*\)[ ][ ]*\([_A-Za-z][_A-Za-z0-9]*\)$/\1 \2 \2/p' | sed '/ __gnu_lto/d' \> conftest.nm
configure:6442: $? = 0
configure:6508: gcc -o conftest -g -O2   conftest.c conftstm.o >&5
configure:6511: $? = 0
configure:6549: result: ok
configure:6586: checking for sysroot
configure:6616: result: no
configure:6693: gcc -c -g -O2  conftest.c >&5
configure:6696: $? = 0
configure:6872: checking for mt
configure:6902: result: no
configure:6922: checking if : is a manifest tool
configure:6928: : '-?'
configure:6936: result: no
configure:7578: checking how to run the C preprocessor
configure:7609: gcc -E  conftest.c
configure:7609: $? = 0
configure:7623: gcc -E  conftest.c
conftest.c:11:28: fatal error: ac_nonexistent.h: No such file or directory
compilation terminated.
configure:7623: $? = 1
configure: failed program was:
| /* confdefs.h */
| #define PACKAGE_NAME "yocto"
| #define PACKAGE_TARNAME "yocto"
| #define PACKAGE_VERSION "1.0.1"
| #define PACKAGE_STRING "yocto 1.0.1"
| #define PACKAGE_BUGREPORT "support@yoctopuce.com"
| #define PACKAGE_URL ""
| #define PACKAGE "yocto"
| #define VERSION "1.0.1"
| /* end confdefs.h.  */
| #include <ac_nonexistent.h>
configure:7648: result: gcc -E
configure:7668: gcc -E  conftest.c
configure:7668: $? = 0
configure:7682: gcc -E  conftest.c
conftest.c:11:28: fatal error: ac_nonexistent.h: No such file or directory
compilation terminated.
configure:7682: $? = 1
configure: failed program was:
| /* confdefs.h */
| #define PACKAGE_NAME "yocto"
| #define PACKAGE_TARNAME "yocto"
| #define PACKAGE_VERSION "1.0.1"
| #define PACKAGE_STRING "yocto 1.0.1"
| #define PACKAGE_BUGREPORT "support@yoctopuce.com"
| #define PACKAGE_URL ""
| #define PACKAGE "yocto"
| #define VERSION "1.0.1"
| /* end confdefs.h.  */
| #include <ac_nonexistent.h>
configure:7711: checking for ANSI C header files
configure:7731: gcc -c -g -O2  conftest.c >&5
configure:7731: $? = 0
configure:7804: gcc -o conftest -g -O2   conftest.c  >&5
configure:7804: $? = 0
configure:7804: ./conftest
configure:7804: $? = 0
configure:7815: result: yes
configure:7828: checking for sys/types.h
configure:7828: gcc -c -g -O2  conftest.c >&5
configure:7828: $? = 0
configure:7828: result: yes
configure:7828: checking for sys/stat.h
configure:7828: gcc -c -g -O2  conftest.c >&5
configure:7828: $? = 0
configure:7828: result: yes
configure:7828: checking for stdlib.h
configure:7828: gcc -c -g -O2  conftest.c >&5
configure:7828: $? = 0
configure:7828: result: yes
configure:7828: checking for string.h
configure:7828: gcc -c -g -O2  conftest.c >&5
configure:7828: $? = 0
configure:7828: result: yes
configure:7828: checking for memory.h
configure:7828: gcc -c -g -O2  conftest.c >&5
configure:7828: $? = 0
configure:7828: result: yes
configure:7828: checking for strings.h
configure:7828: gcc -c -g -O2  conftest.c >&5
configure:7828: $? = 0
configure:7828: result: yes
configure:7828: checking for inttypes.h
configure:7828: gcc -c -g -O2  conftest.c >&5
configure:7828: $? = 0
configure:7828: result: yes
configure:7828: checking for stdint.h
configure:7828: gcc -c -g -O2  conftest.c >&5
configure:7828: $? = 0
configure:7828: result: yes
configure:7828: checking for unistd.h
configure:7828: gcc -c -g -O2  conftest.c >&5
configure:7828: $? = 0
configure:7828: result: yes
configure:7842: checking for dlfcn.h
configure:7842: gcc -c -g -O2  conftest.c >&5
configure:7842: $? = 0
configure:7842: result: yes
configure:8059: checking for objdir
configure:8074: result: .libs
configure:8341: checking if gcc supports -fno-rtti -fno-exceptions
configure:8359: gcc -c -g -O2  -fno-rtti -fno-exceptions conftest.c >&5
cc1: warning: command line option '-fno-rtti' is valid for C++/ObjC++ but not for C [enabled by default]
configure:8363: $? = 0
configure:8376: result: no
configure:8703: checking for gcc option to produce PIC
configure:8710: result: -fPIC -DPIC
configure:8718: checking if gcc PIC flag -fPIC -DPIC works
configure:8736: gcc -c -g -O2  -fPIC -DPIC -DPIC conftest.c >&5
configure:8740: $? = 0
configure:8753: result: yes
configure:8782: checking if gcc static flag -static works
configure:8810: result: yes
configure:8825: checking if gcc supports -c -o file.o
configure:8846: gcc -c -g -O2  -o out/conftest2.o conftest.c >&5
configure:8850: $? = 0
configure:8872: result: yes
configure:8880: checking if gcc supports -c -o file.o
configure:8927: result: yes
configure:8960: checking whether the gcc linker (/usr/x86_64-pc-linux-gnu/bin/ld -m elf_x86_64) supports shared libraries
configure:10113: result: yes
configure:10150: checking whether -lc should be explicitly linked in
configure:10158: gcc -c -g -O2  conftest.c >&5
configure:10161: $? = 0
configure:10176: gcc -shared  -fPIC -DPIC conftest.o  -v -Wl,-soname -Wl,conftest -o conftest 2\>\&1 \| /bin/grep  -lc  \>/dev/null 2\>\&1
configure:10179: $? = 0
configure:10193: result: no
configure:10353: checking dynamic linker characteristics
configure:10877: gcc -o conftest -g -O2   -Wl,-rpath -Wl,/foo conftest.c  >&5
configure:10877: $? = 0
configure:11099: result: GNU/Linux ld.so
configure:11206: checking how to hardcode library paths into programs
configure:11231: result: immediate
configure:11771: checking whether stripping libraries is possible
configure:11776: result: yes
configure:11811: checking if libtool supports shared libraries
configure:11813: result: yes
configure:11816: checking whether to build shared libraries
configure:11837: result: yes
configure:11840: checking whether to build static libraries
configure:11844: result: yes
configure:11867: checking how to run the C++ preprocessor
configure:11894: g++ -E  conftest.cpp
configure:11894: $? = 0
configure:11908: g++ -E  conftest.cpp
conftest.cpp:23:28: fatal error: ac_nonexistent.h: No such file or directory
compilation terminated.
configure:11908: $? = 1
configure: failed program was:
| /* confdefs.h */
| #define PACKAGE_NAME "yocto"
| #define PACKAGE_TARNAME "yocto"
| #define PACKAGE_VERSION "1.0.1"
| #define PACKAGE_STRING "yocto 1.0.1"
| #define PACKAGE_BUGREPORT "support@yoctopuce.com"
| #define PACKAGE_URL ""
| #define PACKAGE "yocto"
| #define VERSION "1.0.1"
| #define STDC_HEADERS 1
| #define HAVE_SYS_TYPES_H 1
| #define HAVE_SYS_STAT_H 1
| #define HAVE_STDLIB_H 1
| #define HAVE_STRING_H 1
| #define HAVE_MEMORY_H 1
| #define HAVE_STRINGS_H 1
| #define HAVE_INTTYPES_H 1
| #define HAVE_STDINT_H 1
| #define HAVE_UNISTD_H 1
| #define HAVE_DLFCN_H 1
| #define LT_OBJDIR ".libs/"
| /* end confdefs.h.  */
| #include <ac_nonexistent.h>
configure:11933: result: g++ -E
configure:11953: g++ -E  conftest.cpp
configure:11953: $? = 0
configure:11967: g++ -E  conftest.cpp
conftest.cpp:23:28: fatal error: ac_nonexistent.h: No such file or directory
compilation terminated.
configure:11967: $? = 1
configure: failed program was:
| /* confdefs.h */
| #define PACKAGE_NAME "yocto"
| #define PACKAGE_TARNAME "yocto"
| #define PACKAGE_VERSION "1.0.1"
| #define PACKAGE_STRING "yocto 1.0.1"
| #define PACKAGE_BUGREPORT "support@yoctopuce.com"
| #define PACKAGE_URL ""
| #define PACKAGE "yocto"
| #define VERSION "1.0.1"
| #define STDC_HEADERS 1
| #define HAVE_SYS_TYPES_H 1
| #define HAVE_SYS_STAT_H 1
| #define HAVE_STDLIB_H 1
| #define HAVE_STRING_H 1
| #define HAVE_MEMORY_H 1
| #define HAVE_STRINGS_H 1
| #define HAVE_INTTYPES_H 1
| #define HAVE_STDINT_H 1
| #define HAVE_UNISTD_H 1
| #define HAVE_DLFCN_H 1
| #define LT_OBJDIR ".libs/"
| /* end confdefs.h.  */
| #include <ac_nonexistent.h>
configure:12136: checking for ld used by g++
configure:12203: result: /usr/x86_64-pc-linux-gnu/bin/ld -m elf_x86_64
configure:12210: checking if the linker (/usr/x86_64-pc-linux-gnu/bin/ld -m elf_x86_64) is GNU ld
configure:12225: result: yes
configure:12280: checking whether the g++ linker (/usr/x86_64-pc-linux-gnu/bin/ld -m elf_x86_64) supports shared libraries
configure:13285: result: yes
configure:13321: g++ -c -g -O2  conftest.cpp >&5
configure:13324: $? = 0
configure:13844: checking for g++ option to produce PIC
configure:13851: result: -fPIC -DPIC
configure:13859: checking if g++ PIC flag -fPIC -DPIC works
configure:13877: g++ -c -g -O2  -fPIC -DPIC -DPIC conftest.cpp >&5
configure:13881: $? = 0
configure:13894: result: yes
configure:13917: checking if g++ static flag -static works
configure:13945: result: yes
configure:13957: checking if g++ supports -c -o file.o
configure:13978: g++ -c -g -O2  -o out/conftest2.o conftest.cpp >&5
configure:13982: $? = 0
configure:14004: result: yes
configure:14009: checking if g++ supports -c -o file.o
configure:14056: result: yes
configure:14086: checking whether the g++ linker (/usr/x86_64-pc-linux-gnu/bin/ld -m elf_x86_64) supports shared libraries
configure:14122: result: yes
configure:14263: checking dynamic linker characteristics
configure:14943: result: GNU/Linux ld.so
configure:14996: checking how to hardcode library paths into programs
configure:15021: result: immediate
configure:15196: checking that generated files are newer than configure
configure:15202: result: done
configure:15229: creating ./config.status

## ---------------------- ##
## Running config.status. ##
## ---------------------- ##

This file was extended by yocto config.status 1.0.1, which was
generated by GNU Autoconf 2.69.  Invocation command line was

  CONFIG_FILES    = 
  CONFIG_HEADERS  = 
  CONFIG_LINKS    = 
  CONFIG_COMMANDS = 
  $ ./config.status 

on aballier-desktop

config.status:1144: creating Makefile
config.status:1144: creating Sources/Makefile
config.status:1144: creating config.h
config.status:1373: executing depfiles commands
config.status:1373: executing libtool commands

## ---------------- ##
## Cache variables. ##
## ---------------- ##

ac_cv_build=x86_64-unknown-linux-gnu
ac_cv_c_compiler_gnu=yes
ac_cv_cxx_compiler_gnu=yes
ac_cv_env_CCC_set=
ac_cv_env_CCC_value=
ac_cv_env_CC_set=
ac_cv_env_CC_value=
ac_cv_env_CFLAGS_set=
ac_cv_env_CFLAGS_value=
ac_cv_env_CPPFLAGS_set=
ac_cv_env_CPPFLAGS_value=
ac_cv_env_CPP_set=
ac_cv_env_CPP_value=
ac_cv_env_CXXCPP_set=
ac_cv_env_CXXCPP_value=
ac_cv_env_CXXFLAGS_set=
ac_cv_env_CXXFLAGS_value=
ac_cv_env_CXX_set=
ac_cv_env_CXX_value=
ac_cv_env_LDFLAGS_set=
ac_cv_env_LDFLAGS_value=
ac_cv_env_LIBS_set=
ac_cv_env_LIBS_value=
ac_cv_env_build_alias_set=
ac_cv_env_build_alias_value=
ac_cv_env_host_alias_set=
ac_cv_env_host_alias_value=
ac_cv_env_target_alias_set=
ac_cv_env_target_alias_value=
ac_cv_header_dlfcn_h=yes
ac_cv_header_inttypes_h=yes
ac_cv_header_memory_h=yes
ac_cv_header_stdc=yes
ac_cv_header_stdint_h=yes
ac_cv_header_stdlib_h=yes
ac_cv_header_string_h=yes
ac_cv_header_strings_h=yes
ac_cv_header_sys_stat_h=yes
ac_cv_header_sys_types_h=yes
ac_cv_header_unistd_h=yes
ac_cv_host=x86_64-unknown-linux-gnu
ac_cv_objext=o
ac_cv_path_EGREP='/bin/grep -E'
ac_cv_path_FGREP='/bin/grep -F'
ac_cv_path_GREP=/bin/grep
ac_cv_path_SED=/bin/sed
ac_cv_path_install='/usr/bin/install -c'
ac_cv_path_mkdir=/bin/mkdir
ac_cv_prog_AWK=gawk
ac_cv_prog_CPP='gcc -E'
ac_cv_prog_CXXCPP='g++ -E'
ac_cv_prog_ac_ct_AR=ar
ac_cv_prog_ac_ct_CC=gcc
ac_cv_prog_ac_ct_CXX=g++
ac_cv_prog_ac_ct_OBJDUMP=objdump
ac_cv_prog_ac_ct_RANLIB=ranlib
ac_cv_prog_ac_ct_STRIP=strip
ac_cv_prog_cc_c89=
ac_cv_prog_cc_g=yes
ac_cv_prog_cxx_g=yes
ac_cv_prog_make_make_set=yes
am_cv_CC_dependencies_compiler_type=gcc3
am_cv_CXX_dependencies_compiler_type=gcc3
am_cv_make_support_nested_variables=yes
lt_cv_ar_at_file=@
lt_cv_archive_cmds_need_lc=no
lt_cv_deplibs_check_method=pass_all
lt_cv_file_magic_cmd='$MAGIC_CMD'
lt_cv_file_magic_test_file=
lt_cv_ld_reload_flag=-r
lt_cv_nm_interface='BSD nm'
lt_cv_objdir=.libs
lt_cv_path_LD=/usr/x86_64-pc-linux-gnu/bin/ld
lt_cv_path_LDCXX='/usr/x86_64-pc-linux-gnu/bin/ld -m elf_x86_64'
lt_cv_path_NM='/usr/bin/nm -B'
lt_cv_path_mainfest_tool=no
lt_cv_prog_compiler_c_o=yes
lt_cv_prog_compiler_c_o_CXX=yes
lt_cv_prog_compiler_pic='-fPIC -DPIC'
lt_cv_prog_compiler_pic_CXX='-fPIC -DPIC'
lt_cv_prog_compiler_pic_works=yes
lt_cv_prog_compiler_pic_works_CXX=yes
lt_cv_prog_compiler_rtti_exceptions=no
lt_cv_prog_compiler_static_works=yes
lt_cv_prog_compiler_static_works_CXX=yes
lt_cv_prog_gnu_ld=yes
lt_cv_prog_gnu_ldcxx=yes
lt_cv_sharedlib_from_linklib_cmd='printf %s\n'
lt_cv_shlibpath_overrides_runpath=yes
lt_cv_sys_global_symbol_pipe='sed -n -e '\''s/^.*[	 ]\([ABCDGIRSTW][ABCDGIRSTW]*\)[	 ][	 ]*\([_A-Za-z][_A-Za-z0-9]*\)$/\1 \2 \2/p'\'' | sed '\''/ __gnu_lto/d'\'''
lt_cv_sys_global_symbol_to_c_name_address='sed -n -e '\''s/^: \([^ ]*\)[ ]*$/  {\"\1\", (void *) 0},/p'\'' -e '\''s/^[ABCDGIRSTW]* \([^ ]*\) \([^ ]*\)$/  {"\2", (void *) \&\2},/p'\'''
lt_cv_sys_global_symbol_to_c_name_address_lib_prefix='sed -n -e '\''s/^: \([^ ]*\)[ ]*$/  {\"\1\", (void *) 0},/p'\'' -e '\''s/^[ABCDGIRSTW]* \([^ ]*\) \(lib[^ ]*\)$/  {"\2", (void *) \&\2},/p'\'' -e '\''s/^[ABCDGIRSTW]* \([^ ]*\) \([^ ]*\)$/  {"lib\2", (void *) \&\2},/p'\'''
lt_cv_sys_global_symbol_to_cdecl='sed -n -e '\''s/^T .* \(.*\)$/extern int \1();/p'\'' -e '\''s/^[ABCDGIRSTW]* .* \(.*\)$/extern char \1;/p'\'''
lt_cv_sys_max_cmd_len=1572864
lt_cv_to_host_file_cmd=func_convert_file_noop
lt_cv_to_tool_file_cmd=func_convert_file_noop

## ----------------- ##
## Output variables. ##
## ----------------- ##

ACLOCAL='${SHELL} /home/aurelien/dev/yoctolib_cpp/missing aclocal-1.13'
AMDEPBACKSLASH='\'
AMDEP_FALSE='#'
AMDEP_TRUE=''
AMTAR='$${TAR-tar}'
AM_BACKSLASH='\'
AM_DEFAULT_V='$(AM_DEFAULT_VERBOSITY)'
AM_DEFAULT_VERBOSITY='1'
AM_V='$(V)'
AR='ar'
AUTOCONF='${SHELL} /home/aurelien/dev/yoctolib_cpp/missing autoconf'
AUTOHEADER='${SHELL} /home/aurelien/dev/yoctolib_cpp/missing autoheader'
AUTOMAKE='${SHELL} /home/aurelien/dev/yoctolib_cpp/missing automake-1.13'
AWK='gawk'
CC='gcc'
CCDEPMODE='depmode=gcc3'
CFLAGS='-g -O2'
CPP='gcc -E'
CPPFLAGS=''
CXX='g++'
CXXCPP='g++ -E'
CXXDEPMODE='depmode=gcc3'
CXXFLAGS='-g -O2'
CYGPATH_W='echo'
DEFS='-DHAVE_CONFIG_H'
DEPDIR='.deps'
DLLTOOL='false'
DSYMUTIL=''
DUMPBIN=''
ECHO_C=''
ECHO_N='-n'
ECHO_T=''
EGREP='/bin/grep -E'
EXEEXT=''
FGREP='/bin/grep -F'
GREP='/bin/grep'
INSTALL_DATA='${INSTALL} -m 644'
INSTALL_PROGRAM='${INSTALL}'
INSTALL_SCRIPT='${INSTALL}'
INSTALL_STRIP_PROGRAM='$(install_sh) -c -s'
LD='/usr/x86_64-pc-linux-gnu/bin/ld -m elf_x86_64'
LDFLAGS=''
LIBOBJS=''
LIBS=''
LIBTOOL='$(SHELL) $(top_builddir)/libtool'
LIPO=''
LN_S='ln -s'
LTLIBOBJS=''
MAKEINFO='${SHELL} /home/aurelien/dev/yoctolib_cpp/missing makeinfo'
MANIFEST_TOOL=':'
MKDIR_P='/bin/mkdir -p'
NM='/usr/bin/nm -B'
NMEDIT=''
OBJDUMP='objdump'
OBJEXT='o'
OTOOL64=''
OTOOL=''
PACKAGE='yocto'
PACKAGE_BUGREPORT='support@yoctopuce.com'
PACKAGE_NAME='yocto'
PACKAGE_STRING='yocto 1.0.1'
PACKAGE_TARNAME='yocto'
PACKAGE_URL=''
PACKAGE_VERSION='1.0.1'
PATH_SEPARATOR=':'
RANLIB='ranlib'
SED='/bin/sed'
SET_MAKE=''
SHELL='/bin/sh'
STRIP='strip'
VERSION='1.0.1'
ac_ct_AR='ar'
ac_ct_CC='gcc'
ac_ct_CXX='g++'
ac_ct_DUMPBIN=''
am__EXEEXT_FALSE=''
am__EXEEXT_TRUE='#'
am__fastdepCC_FALSE='#'
am__fastdepCC_TRUE=''
am__fastdepCXX_FALSE='#'
am__fastdepCXX_TRUE=''
am__include='include'
am__isrc=''
am__leading_dot='.'
am__nodep='_no'
am__quote=''
am__tar='$${TAR-tar} chof - "$$tardir"'
am__untar='$${TAR-tar} xf -'
bindir='${exec_prefix}/bin'
build='x86_64-unknown-linux-gnu'
build_alias=''
build_cpu='x86_64'
build_os='linux-gnu'
build_vendor='unknown'
datadir='${datarootdir}'
datarootdir='${prefix}/share'
docdir='${datarootdir}/doc/${PACKAGE_TARNAME}'
dvidir='${docdir}'
exec_prefix='${prefix}'
host='x86_64-unknown-linux-gnu'
host_alias=''
host_cpu='x86_64'
host_os='linux-gnu'
host_vendor='unknown'
htmldir='${docdir}'
includedir='${prefix}/include'
infodir='${datarootdir}/info'
install_sh='${SHELL} /home/aurelien/dev/yoctolib_cpp/install-sh'
libdir='${exec_prefix}/lib'
libexecdir='${exec_prefix}/libexec'
localedir='${datarootdir}/locale'
localstatedir='${prefix}/var'
mandir='${datarootdir}/man'
mkdir_p='$(MKDIR_P)'
oldincludedir='/usr/include'
pdfdir='${docdir}'
prefix='/usr/local'
program_transform_name='s,x,x,'
psdir='${docdir}'
sbindir='${exec_prefix}/sbin'
sharedstatedir='${prefix}/com'
sysconfdir='${prefix}/etc'
target_alias=''

## ----------- ##
## confdefs.h. ##
## ----------- ##

/* confdefs.h */
#define PACKAGE_NAME "yocto"
#define PACKAGE_TARNAME "yocto"
#define PACKAGE_VERSION "1.0.1"
#define PACKAGE_STRING "yocto 1.0.1"
#define PACKAGE_BUGREPORT "support@yoctopuce.com"
#define PACKAGE_URL ""
#define PACKAGE "yocto"
#define VERSION "1.0.1"
#define STDC_HEADERS 1
#define HAVE_SYS_TYPES_H 1
#define HAVE_SYS_STAT_H 1
#define HAVE_STDLIB_H 1
#define HAVE_STRING_H 1
#define HAVE_MEMORY_H 1
#define HAVE_STRINGS_H 1
#define HAVE_INTTYPES_H 1
#define HAVE_STDINT_H 1
#define HAVE_UNISTD_H 1
#define HAVE_DLFCN_H 1
#define LT_OBJDIR ".libs/"

configure: exit 0
